
*** Running vivado
    with args -log wrapper.vds -m64 -product Vivado -mode batch -messageDb vivado.pb -notrace -source wrapper.tcl


****** Vivado v2019.1.3 (64-bit)
  **** SW Build 2644227 on Wed Sep  4 09:45:24 MDT 2019
  **** IP Build 2633630 on Wed Sep  4 12:30:14 MDT 2019
    ** Copyright 1986-2019 Xilinx, Inc. All Rights Reserved.

source wrapper.tcl -notrace
create_project: Time (s): cpu = 00:00:05 ; elapsed = 00:00:06 . Memory (MB): peak = 377.938 ; gain = 83.422
Command: synth_design -top wrapper -part xc7z010clg400-1
Starting synth_design
Attempting to get a license for feature 'Synthesis' and/or device 'xc7z010'
INFO: [Common 17-349] Got license for feature 'Synthesis' and/or device 'xc7z010'
INFO: [Device 21-403] Loading part xc7z010clg400-1
INFO: Launching helper process for spawning children vivado processes
INFO: Helper process launched with PID 16364 
---------------------------------------------------------------------------------
Starting RTL Elaboration : Time (s): cpu = 00:00:07 ; elapsed = 00:00:07 . Memory (MB): peak = 818.211 ; gain = 177.727
---------------------------------------------------------------------------------
INFO: [Synth 8-638] synthesizing module 'wrapper' [C:/Users/sixpe/Documents/EE316P4/Keyboard/Keyboard2/Keyboard2.srcs/sources_1/new/wrapper.vhd:15]
	Parameter input_clk bound to: 125000000 - type: integer 
	Parameter bus_clk bound to: 100000 - type: integer 
INFO: [Synth 8-3491] module 'i2c_user_lcd' declared at 'C:/Users/sixpe/Documents/EE316P4/I2C_LCD/i2c_user_lcd.vhd:6' bound to instance 'Inst_i2c' of component 'I2C_User_LCD' [C:/Users/sixpe/Documents/EE316P4/Keyboard/Keyboard2/Keyboard2.srcs/sources_1/new/wrapper.vhd:60]
INFO: [Synth 8-638] synthesizing module 'i2c_user_lcd' [C:/Users/sixpe/Documents/EE316P4/I2C_LCD/i2c_user_lcd.vhd:24]
	Parameter input_clk bound to: 125000000 - type: integer 
	Parameter bus_clk bound to: 100000 - type: integer 
	Parameter input_clk bound to: 125000000 - type: integer 
	Parameter bus_clk bound to: 100000 - type: integer 
INFO: [Synth 8-3491] module 'i2c_master' declared at 'C:/Users/sixpe/Documents/EE316P4/I2C_LCD/I2C_Master.vhd:36' bound to instance 'Inst_i2c_master' of component 'i2c_master' [C:/Users/sixpe/Documents/EE316P4/I2C_LCD/i2c_user_lcd.vhd:84]
INFO: [Synth 8-638] synthesizing module 'i2c_master' [C:/Users/sixpe/Documents/EE316P4/I2C_LCD/I2C_Master.vhd:54]
	Parameter input_clk bound to: 125000000 - type: integer 
	Parameter bus_clk bound to: 100000 - type: integer 
INFO: [Synth 8-256] done synthesizing module 'i2c_master' (1#1) [C:/Users/sixpe/Documents/EE316P4/I2C_LCD/I2C_Master.vhd:54]
WARNING: [Synth 8-614] signal 'first_line' is read in the process but is not in the sensitivity list [C:/Users/sixpe/Documents/EE316P4/I2C_LCD/i2c_user_lcd.vhd:219]
WARNING: [Synth 8-614] signal 'selectMode' is read in the process but is not in the sensitivity list [C:/Users/sixpe/Documents/EE316P4/I2C_LCD/i2c_user_lcd.vhd:219]
WARNING: [Synth 8-614] signal 'second_line' is read in the process but is not in the sensitivity list [C:/Users/sixpe/Documents/EE316P4/I2C_LCD/i2c_user_lcd.vhd:219]
WARNING: [Synth 8-614] signal 'clockOutput' is read in the process but is not in the sensitivity list [C:/Users/sixpe/Documents/EE316P4/I2C_LCD/i2c_user_lcd.vhd:219]
INFO: [Synth 8-256] done synthesizing module 'i2c_user_lcd' (2#1) [C:/Users/sixpe/Documents/EE316P4/I2C_LCD/i2c_user_lcd.vhd:24]
	Parameter clk_freq bound to: 125000000 - type: integer 
	Parameter ps2_debounce_counter_size bound to: 8 - type: integer 
INFO: [Synth 8-3491] module 'ps2_keyboard_to_ascii' declared at 'C:/Users/sixpe/Documents/EE316P4/Keyboard/ps2_keyboard_to_ascii.vhd:26' bound to instance 'Inst_keyboard' of component 'ps2_keyboard_to_ascii' [C:/Users/sixpe/Documents/EE316P4/Keyboard/Keyboard2/Keyboard2.srcs/sources_1/new/wrapper.vhd:71]
INFO: [Synth 8-638] synthesizing module 'ps2_keyboard_to_ascii' [C:/Users/sixpe/Documents/EE316P4/Keyboard/ps2_keyboard_to_ascii.vhd:38]
	Parameter clk_freq bound to: 125000000 - type: integer 
	Parameter ps2_debounce_counter_size bound to: 8 - type: integer 
	Parameter clk_freq bound to: 125000000 - type: integer 
	Parameter debounce_counter_size bound to: 8 - type: integer 
INFO: [Synth 8-3491] module 'ps2_keyboard' declared at 'C:/Users/sixpe/Documents/EE316P4/Keyboard/ps2_keyboard.vhd:26' bound to instance 'ps2_keyboard_0' of component 'ps2_keyboard' [C:/Users/sixpe/Documents/EE316P4/Keyboard/ps2_keyboard_to_ascii.vhd:69]
INFO: [Synth 8-638] synthesizing module 'ps2_keyboard' [C:/Users/sixpe/Documents/EE316P4/Keyboard/ps2_keyboard.vhd:38]
	Parameter clk_freq bound to: 125000000 - type: integer 
	Parameter debounce_counter_size bound to: 8 - type: integer 
	Parameter counter_size bound to: 8 - type: integer 
INFO: [Synth 8-3491] module 'debounce' declared at 'C:/Users/sixpe/Documents/EE316P4/Keyboard/debounce.vhd:27' bound to instance 'debounce_ps2_clk' of component 'debounce' [C:/Users/sixpe/Documents/EE316P4/Keyboard/ps2_keyboard.vhd:67]
INFO: [Synth 8-638] synthesizing module 'debounce' [C:/Users/sixpe/Documents/EE316P4/Keyboard/debounce.vhd:36]
	Parameter counter_size bound to: 8 - type: integer 
INFO: [Synth 8-256] done synthesizing module 'debounce' (3#1) [C:/Users/sixpe/Documents/EE316P4/Keyboard/debounce.vhd:36]
	Parameter counter_size bound to: 8 - type: integer 
INFO: [Synth 8-3491] module 'debounce' declared at 'C:/Users/sixpe/Documents/EE316P4/Keyboard/debounce.vhd:27' bound to instance 'debounce_ps2_data' of component 'debounce' [C:/Users/sixpe/Documents/EE316P4/Keyboard/ps2_keyboard.vhd:70]
INFO: [Synth 8-256] done synthesizing module 'ps2_keyboard' (4#1) [C:/Users/sixpe/Documents/EE316P4/Keyboard/ps2_keyboard.vhd:38]
INFO: [Synth 8-256] done synthesizing module 'ps2_keyboard_to_ascii' (5#1) [C:/Users/sixpe/Documents/EE316P4/Keyboard/ps2_keyboard_to_ascii.vhd:38]
WARNING: [Synth 8-614] signal 'btn_n' is read in the process but is not in the sensitivity list [C:/Users/sixpe/Documents/EE316P4/Keyboard/Keyboard2/Keyboard2.srcs/sources_1/new/wrapper.vhd:83]
WARNING: [Synth 8-614] signal 'btn_n' is read in the process but is not in the sensitivity list [C:/Users/sixpe/Documents/EE316P4/Keyboard/Keyboard2/Keyboard2.srcs/sources_1/new/wrapper.vhd:114]
INFO: [Synth 8-256] done synthesizing module 'wrapper' (6#1) [C:/Users/sixpe/Documents/EE316P4/Keyboard/Keyboard2/Keyboard2.srcs/sources_1/new/wrapper.vhd:15]
WARNING: [Synth 8-3331] design i2c_user_lcd has unconnected port selectMode[3]
WARNING: [Synth 8-3331] design i2c_user_lcd has unconnected port selectMode[2]
WARNING: [Synth 8-3331] design wrapper has unconnected port jb[7]
WARNING: [Synth 8-3331] design wrapper has unconnected port jb[6]
WARNING: [Synth 8-3331] design wrapper has unconnected port jb[5]
WARNING: [Synth 8-3331] design wrapper has unconnected port jb[4]
WARNING: [Synth 8-3331] design wrapper has unconnected port jb[3]
WARNING: [Synth 8-3331] design wrapper has unconnected port jb[2]
WARNING: [Synth 8-3331] design wrapper has unconnected port jb[1]
WARNING: [Synth 8-3331] design wrapper has unconnected port jb[0]
WARNING: [Synth 8-3331] design wrapper has unconnected port ja[7]
WARNING: [Synth 8-3331] design wrapper has unconnected port ja[6]
WARNING: [Synth 8-3331] design wrapper has unconnected port ja[5]
WARNING: [Synth 8-3331] design wrapper has unconnected port ja[4]
---------------------------------------------------------------------------------
Finished RTL Elaboration : Time (s): cpu = 00:00:10 ; elapsed = 00:00:10 . Memory (MB): peak = 882.195 ; gain = 241.711
---------------------------------------------------------------------------------

Report Check Netlist: 
+------+------------------+-------+---------+-------+------------------+
|      |Item              |Errors |Warnings |Status |Description       |
+------+------------------+-------+---------+-------+------------------+
|1     |multi_driven_nets |      0|        0|Passed |Multi driven nets |
+------+------------------+-------+---------+-------+------------------+
---------------------------------------------------------------------------------
Start Handling Custom Attributes
---------------------------------------------------------------------------------
---------------------------------------------------------------------------------
Finished Handling Custom Attributes : Time (s): cpu = 00:00:11 ; elapsed = 00:00:11 . Memory (MB): peak = 882.195 ; gain = 241.711
---------------------------------------------------------------------------------
---------------------------------------------------------------------------------
Finished RTL Optimization Phase 1 : Time (s): cpu = 00:00:11 ; elapsed = 00:00:11 . Memory (MB): peak = 882.195 ; gain = 241.711
---------------------------------------------------------------------------------
INFO: [Project 1-570] Preparing netlist for logic optimization

Processing XDC Constraints
Initializing timing engine
Parsing XDC File [C:/Users/sixpe/Documents/EE316P4/Keyboard/Cora-Z7-10-Master.xdc]
Finished Parsing XDC File [C:/Users/sixpe/Documents/EE316P4/Keyboard/Cora-Z7-10-Master.xdc]
INFO: [Project 1-236] Implementation specific constraints were found while reading constraint file [C:/Users/sixpe/Documents/EE316P4/Keyboard/Cora-Z7-10-Master.xdc]. These constraints will be ignored for synthesis but will be used in implementation. Impacted constraints are listed in the file [.Xil/wrapper_propImpl.xdc].
Resolution: To avoid this warning, move constraints listed in [.Xil/wrapper_propImpl.xdc] to another XDC file and exclude this new file from synthesis with the used_in_synthesis property (File Properties dialog in GUI) and re-run elaboration/synthesis.
Completed Processing XDC Constraints

Netlist sorting complete. Time (s): cpu = 00:00:00 ; elapsed = 00:00:00.002 . Memory (MB): peak = 1015.172 ; gain = 0.000
INFO: [Project 1-111] Unisim Transformation Summary:
No Unisim elements were transformed.

Constraint Validation Runtime : Time (s): cpu = 00:00:00 ; elapsed = 00:00:00.017 . Memory (MB): peak = 1015.172 ; gain = 0.000
---------------------------------------------------------------------------------
Finished Constraint Validation : Time (s): cpu = 00:00:23 ; elapsed = 00:00:24 . Memory (MB): peak = 1015.172 ; gain = 374.688
---------------------------------------------------------------------------------
---------------------------------------------------------------------------------
Start Loading Part and Timing Information
---------------------------------------------------------------------------------
Loading part: xc7z010clg400-1
---------------------------------------------------------------------------------
Finished Loading Part and Timing Information : Time (s): cpu = 00:00:23 ; elapsed = 00:00:24 . Memory (MB): peak = 1015.172 ; gain = 374.688
---------------------------------------------------------------------------------
---------------------------------------------------------------------------------
Start Applying 'set_property' XDC Constraints
---------------------------------------------------------------------------------
---------------------------------------------------------------------------------
Finished applying 'set_property' XDC Constraints : Time (s): cpu = 00:00:23 ; elapsed = 00:00:24 . Memory (MB): peak = 1015.172 ; gain = 374.688
---------------------------------------------------------------------------------
INFO: [Synth 8-802] inferred FSM for state register 'state_reg' in module 'i2c_master'
INFO: [Synth 8-802] inferred FSM for state register 'state_reg' in module 'ps2_keyboard_to_ascii'
INFO: [Synth 8-5546] ROM "ascii" won't be mapped to RAM because it is too sparse
---------------------------------------------------------------------------------------------------
                   State |                     New Encoding |                Previous Encoding 
---------------------------------------------------------------------------------------------------
                   ready |                        000000001 |                             0000
                   start |                        000000010 |                             0001
                 command |                        000000100 |                             0010
                slv_ack1 |                        000001000 |                             0011
                      wr |                        000010000 |                             0100
                slv_ack2 |                        000100000 |                             0110
                      rd |                        001000000 |                             0101
                mstr_ack |                        010000000 |                             0111
                    stop |                        100000000 |                             1000
---------------------------------------------------------------------------------------------------
INFO: [Synth 8-3354] encoded FSM with state register 'state_reg' using encoding 'one-hot' in module 'i2c_master'
---------------------------------------------------------------------------------------------------
                   State |                     New Encoding |                Previous Encoding 
---------------------------------------------------------------------------------------------------
                   ready |                               00 |                               00
                new_code |                               01 |                               01
               translate |                               10 |                               10
                  output |                               11 |                               11
---------------------------------------------------------------------------------------------------
INFO: [Synth 8-3354] encoded FSM with state register 'state_reg' using encoding 'sequential' in module 'ps2_keyboard_to_ascii'
---------------------------------------------------------------------------------
Finished RTL Optimization Phase 2 : Time (s): cpu = 00:00:26 ; elapsed = 00:00:27 . Memory (MB): peak = 1015.172 ; gain = 374.688
---------------------------------------------------------------------------------

Report RTL Partitions: 
+-+--------------+------------+----------+
| |RTL Partition |Replication |Instances |
+-+--------------+------------+----------+
+-+--------------+------------+----------+
---------------------------------------------------------------------------------
Start RTL Component Statistics 
---------------------------------------------------------------------------------
Detailed RTL Component Info : 
+---Adders : 
	   2 Input     32 Bit       Adders := 1     
	   2 Input     11 Bit       Adders := 1     
	   2 Input      9 Bit       Adders := 2     
	   2 Input      8 Bit       Adders := 1     
	   2 Input      7 Bit       Adders := 1     
	   2 Input      6 Bit       Adders := 1     
	   2 Input      4 Bit       Adders := 1     
	   2 Input      3 Bit       Adders := 2     
	   2 Input      2 Bit       Adders := 1     
+---XORs : 
	   2 Input      1 Bit         XORs := 2     
	   9 Input      1 Bit         XORs := 1     
+---Registers : 
	              128 Bit    Registers := 1     
	               32 Bit    Registers := 2     
	               11 Bit    Registers := 2     
	                9 Bit    Registers := 2     
	                8 Bit    Registers := 6     
	                7 Bit    Registers := 2     
	                6 Bit    Registers := 1     
	                4 Bit    Registers := 1     
	                3 Bit    Registers := 3     
	                2 Bit    Registers := 4     
	                1 Bit    Registers := 29    
+---Muxes : 
	   4 Input    128 Bit        Muxes := 1     
	   2 Input    128 Bit        Muxes := 4     
	   4 Input    120 Bit        Muxes := 1     
	   4 Input    112 Bit        Muxes := 1     
	   4 Input    104 Bit        Muxes := 1     
	   4 Input     96 Bit        Muxes := 1     
	   4 Input     88 Bit        Muxes := 1     
	   4 Input     80 Bit        Muxes := 1     
	   4 Input     72 Bit        Muxes := 1     
	   4 Input     64 Bit        Muxes := 1     
	   4 Input     56 Bit        Muxes := 1     
	   4 Input     48 Bit        Muxes := 1     
	   4 Input     40 Bit        Muxes := 1     
	   4 Input     32 Bit        Muxes := 2     
	   2 Input     32 Bit        Muxes := 2     
	   2 Input     31 Bit        Muxes := 1     
	   4 Input     24 Bit        Muxes := 1     
	   4 Input     16 Bit        Muxes := 1     
	   2 Input     11 Bit        Muxes := 1     
	   9 Input      9 Bit        Muxes := 1     
	   2 Input      9 Bit        Muxes := 9     
	   6 Input      8 Bit        Muxes := 1     
	   2 Input      8 Bit        Muxes := 15    
	   4 Input      8 Bit        Muxes := 3     
	   3 Input      8 Bit        Muxes := 1     
	  22 Input      8 Bit        Muxes := 4     
	  35 Input      8 Bit        Muxes := 1     
	   7 Input      8 Bit        Muxes := 1     
	  27 Input      8 Bit        Muxes := 2     
	  34 Input      7 Bit        Muxes := 1     
	   2 Input      7 Bit        Muxes := 2     
	   2 Input      6 Bit        Muxes := 2     
	   9 Input      4 Bit        Muxes := 1     
	   2 Input      3 Bit        Muxes := 3     
	   9 Input      3 Bit        Muxes := 1     
	   7 Input      3 Bit        Muxes := 1     
	   2 Input      2 Bit        Muxes := 4     
	  33 Input      2 Bit        Muxes := 1     
	   4 Input      2 Bit        Muxes := 1     
	   3 Input      2 Bit        Muxes := 1     
	   4 Input      1 Bit        Muxes := 10    
	   2 Input      1 Bit        Muxes := 21    
	   3 Input      1 Bit        Muxes := 6     
	   9 Input      1 Bit        Muxes := 7     
	   6 Input      1 Bit        Muxes := 3     
	   7 Input      1 Bit        Muxes := 6     
	   8 Input      1 Bit        Muxes := 3     
	  10 Input      1 Bit        Muxes := 1     
	   5 Input      1 Bit        Muxes := 5     
---------------------------------------------------------------------------------
Finished RTL Component Statistics 
---------------------------------------------------------------------------------
---------------------------------------------------------------------------------
Start RTL Hierarchical Component Statistics 
---------------------------------------------------------------------------------
Hierarchical RTL Component report 
Module wrapper 
Detailed RTL Component Info : 
+---Adders : 
	   2 Input      8 Bit       Adders := 1     
	   2 Input      7 Bit       Adders := 1     
	   2 Input      3 Bit       Adders := 1     
+---Registers : 
	              128 Bit    Registers := 1     
	                7 Bit    Registers := 1     
	                4 Bit    Registers := 1     
	                3 Bit    Registers := 1     
	                1 Bit    Registers := 4     
+---Muxes : 
	   2 Input    128 Bit        Muxes := 3     
	   2 Input      7 Bit        Muxes := 1     
	   9 Input      4 Bit        Muxes := 1     
	   2 Input      3 Bit        Muxes := 1     
	   3 Input      1 Bit        Muxes := 1     
	   2 Input      1 Bit        Muxes := 1     
	   8 Input      1 Bit        Muxes := 1     
Module i2c_master 
Detailed RTL Component Info : 
+---Adders : 
	   2 Input     11 Bit       Adders := 1     
	   2 Input      4 Bit       Adders := 1     
	   2 Input      3 Bit       Adders := 1     
+---Registers : 
	               11 Bit    Registers := 1     
	                8 Bit    Registers := 4     
	                3 Bit    Registers := 1     
	                1 Bit    Registers := 8     
+---Muxes : 
	   2 Input     11 Bit        Muxes := 1     
	   9 Input      9 Bit        Muxes := 1     
	   2 Input      9 Bit        Muxes := 9     
	   6 Input      8 Bit        Muxes := 1     
	   2 Input      8 Bit        Muxes := 3     
	   2 Input      3 Bit        Muxes := 1     
	   4 Input      1 Bit        Muxes := 3     
	   2 Input      1 Bit        Muxes := 4     
	   3 Input      1 Bit        Muxes := 1     
	   9 Input      1 Bit        Muxes := 7     
	   6 Input      1 Bit        Muxes := 3     
Module i2c_user_lcd 
Detailed RTL Component Info : 
+---Adders : 
	   2 Input     32 Bit       Adders := 1     
	   2 Input      6 Bit       Adders := 1     
	   2 Input      2 Bit       Adders := 1     
+---Registers : 
	               32 Bit    Registers := 2     
	                6 Bit    Registers := 1     
	                3 Bit    Registers := 1     
	                2 Bit    Registers := 1     
	                1 Bit    Registers := 5     
+---Muxes : 
	   4 Input    128 Bit        Muxes := 1     
	   2 Input    128 Bit        Muxes := 1     
	   4 Input    120 Bit        Muxes := 1     
	   4 Input    112 Bit        Muxes := 1     
	   4 Input    104 Bit        Muxes := 1     
	   4 Input     96 Bit        Muxes := 1     
	   4 Input     88 Bit        Muxes := 1     
	   4 Input     80 Bit        Muxes := 1     
	   4 Input     72 Bit        Muxes := 1     
	   4 Input     64 Bit        Muxes := 1     
	   4 Input     56 Bit        Muxes := 1     
	   4 Input     48 Bit        Muxes := 1     
	   4 Input     40 Bit        Muxes := 1     
	   4 Input     32 Bit        Muxes := 2     
	   2 Input     32 Bit        Muxes := 2     
	   2 Input     31 Bit        Muxes := 1     
	   4 Input     24 Bit        Muxes := 1     
	   4 Input     16 Bit        Muxes := 1     
	   4 Input      8 Bit        Muxes := 1     
	   2 Input      8 Bit        Muxes := 1     
	   2 Input      6 Bit        Muxes := 2     
	   2 Input      3 Bit        Muxes := 1     
	   9 Input      3 Bit        Muxes := 1     
	   2 Input      2 Bit        Muxes := 2     
	   2 Input      1 Bit        Muxes := 7     
	   7 Input      1 Bit        Muxes := 6     
	   8 Input      1 Bit        Muxes := 2     
	  10 Input      1 Bit        Muxes := 1     
Module debounce 
Detailed RTL Component Info : 
+---Adders : 
	   2 Input      9 Bit       Adders := 1     
+---XORs : 
	   2 Input      1 Bit         XORs := 1     
+---Registers : 
	                9 Bit    Registers := 1     
	                2 Bit    Registers := 1     
	                1 Bit    Registers := 1     
Module ps2_keyboard 
Detailed RTL Component Info : 
+---XORs : 
	   9 Input      1 Bit         XORs := 1     
+---Registers : 
	               11 Bit    Registers := 1     
	                8 Bit    Registers := 1     
	                2 Bit    Registers := 1     
	                1 Bit    Registers := 1     
Module ps2_keyboard_to_ascii 
Detailed RTL Component Info : 
+---Registers : 
	                8 Bit    Registers := 1     
	                7 Bit    Registers := 1     
	                1 Bit    Registers := 9     
+---Muxes : 
	   3 Input      8 Bit        Muxes := 1     
	   2 Input      8 Bit        Muxes := 11    
	  22 Input      8 Bit        Muxes := 4     
	  35 Input      8 Bit        Muxes := 1     
	   7 Input      8 Bit        Muxes := 1     
	  27 Input      8 Bit        Muxes := 2     
	   4 Input      8 Bit        Muxes := 2     
	  34 Input      7 Bit        Muxes := 1     
	   2 Input      7 Bit        Muxes := 1     
	   7 Input      3 Bit        Muxes := 1     
	  33 Input      2 Bit        Muxes := 1     
	   4 Input      2 Bit        Muxes := 1     
	   2 Input      2 Bit        Muxes := 2     
	   3 Input      2 Bit        Muxes := 1     
	   5 Input      1 Bit        Muxes := 5     
	   2 Input      1 Bit        Muxes := 9     
	   3 Input      1 Bit        Muxes := 4     
	   4 Input      1 Bit        Muxes := 7     
---------------------------------------------------------------------------------
Finished RTL Hierarchical Component Statistics
---------------------------------------------------------------------------------
---------------------------------------------------------------------------------
Start Part Resource Summary
---------------------------------------------------------------------------------
Part Resources:
DSPs: 80 (col length:40)
BRAMs: 120 (col length: RAMB18 40 RAMB36 20)
---------------------------------------------------------------------------------
Finished Part Resource Summary
---------------------------------------------------------------------------------
---------------------------------------------------------------------------------
Start Cross Boundary and Area Optimization
---------------------------------------------------------------------------------
Warning: Parallel synthesis criteria is not met 
WARNING: [Synth 8-3331] design i2c_user_lcd has unconnected port selectMode[3]
WARNING: [Synth 8-3331] design i2c_user_lcd has unconnected port selectMode[2]
WARNING: [Synth 8-3331] design wrapper has unconnected port jb[7]
WARNING: [Synth 8-3331] design wrapper has unconnected port jb[6]
WARNING: [Synth 8-3331] design wrapper has unconnected port jb[5]
WARNING: [Synth 8-3331] design wrapper has unconnected port jb[4]
WARNING: [Synth 8-3331] design wrapper has unconnected port jb[3]
WARNING: [Synth 8-3331] design wrapper has unconnected port jb[2]
WARNING: [Synth 8-3331] design wrapper has unconnected port jb[1]
WARNING: [Synth 8-3331] design wrapper has unconnected port jb[0]
WARNING: [Synth 8-3331] design wrapper has unconnected port ja[7]
WARNING: [Synth 8-3331] design wrapper has unconnected port ja[6]
WARNING: [Synth 8-3331] design wrapper has unconnected port ja[5]
WARNING: [Synth 8-3331] design wrapper has unconnected port ja[4]
INFO: [Synth 8-3886] merging instance 'Inst_i2c/lcd_delay_cnst_reg[0]' (FDE) to 'Inst_i2c/lcd_delay_cnst_reg[1]'
INFO: [Synth 8-3886] merging instance 'Inst_i2c/lcd_delay_cnst_reg[1]' (FDE) to 'Inst_i2c/lcd_delay_cnst_reg[9]'
INFO: [Synth 8-3886] merging instance 'Inst_i2c/lcd_delay_cnst_reg[2]' (FDE) to 'Inst_i2c/lcd_delay_cnst_reg[4]'
INFO: [Synth 8-3886] merging instance 'Inst_i2c/lcd_delay_cnst_reg[3]' (FDE) to 'Inst_i2c/lcd_delay_cnst_reg[15]'
INFO: [Synth 8-3886] merging instance 'Inst_i2c/lcd_delay_cnst_reg[4]' (FDE) to 'Inst_i2c/lcd_delay_cnst_reg[7]'
INFO: [Synth 8-3886] merging instance 'Inst_i2c/lcd_delay_cnst_reg[5]' (FDE) to 'Inst_i2c/lcd_delay_cnst_reg[8]'
INFO: [Synth 8-3333] propagating constant 1 across sequential element (\Inst_i2c/lcd_delay_cnst_reg[6] )
INFO: [Synth 8-3886] merging instance 'Inst_i2c/lcd_delay_cnst_reg[9]' (FDE) to 'Inst_i2c/lcd_delay_cnst_reg[10]'
INFO: [Synth 8-3886] merging instance 'Inst_i2c/lcd_delay_cnst_reg[10]' (FDE) to 'Inst_i2c/lcd_delay_cnst_reg[17]'
INFO: [Synth 8-3886] merging instance 'Inst_i2c/lcd_delay_cnst_reg[11]' (FDE) to 'Inst_i2c/lcd_delay_cnst_reg[16]'
INFO: [Synth 8-3886] merging instance 'Inst_i2c/lcd_delay_cnst_reg[17]' (FDE) to 'Inst_i2c/lcd_delay_cnst_reg[23]'
INFO: [Synth 8-3886] merging instance 'Inst_i2c/lcd_delay_cnst_reg[18]' (FDE) to 'Inst_i2c/lcd_delay_cnst_reg[20]'
INFO: [Synth 8-3886] merging instance 'Inst_i2c/lcd_delay_cnst_reg[20]' (FDE) to 'Inst_i2c/lcd_delay_cnst_reg[21]'
INFO: [Synth 8-3886] merging instance 'Inst_i2c/lcd_delay_cnst_reg[21]' (FDE) to 'Inst_i2c/lcd_delay_cnst_reg[22]'
INFO: [Synth 8-3886] merging instance 'Inst_i2c/lcd_delay_cnst_reg[22]' (FDE) to 'Inst_i2c/lcd_delay_cnst_reg[24]'
INFO: [Synth 8-3886] merging instance 'Inst_i2c/lcd_delay_cnst_reg[23]' (FDE) to 'Inst_i2c/lcd_delay_cnst_reg[25]'
INFO: [Synth 8-3886] merging instance 'Inst_i2c/lcd_delay_cnst_reg[25]' (FDE) to 'Inst_i2c/lcd_delay_cnst_reg[26]'
INFO: [Synth 8-3886] merging instance 'Inst_i2c/lcd_delay_cnst_reg[26]' (FDE) to 'Inst_i2c/lcd_delay_cnst_reg[27]'
INFO: [Synth 8-3886] merging instance 'Inst_i2c/lcd_delay_cnst_reg[27]' (FDE) to 'Inst_i2c/lcd_delay_cnst_reg[28]'
INFO: [Synth 8-3886] merging instance 'Inst_i2c/lcd_delay_cnst_reg[28]' (FDE) to 'Inst_i2c/lcd_delay_cnst_reg[29]'
INFO: [Synth 8-3886] merging instance 'Inst_i2c/lcd_delay_cnst_reg[29]' (FDE) to 'Inst_i2c/lcd_delay_cnst_reg[30]'
INFO: [Synth 8-3886] merging instance 'Inst_i2c/lcd_delay_cnst_reg[30]' (FDE) to 'Inst_i2c/lcd_delay_cnst_reg[31]'
INFO: [Synth 8-3333] propagating constant 0 across sequential element (\Inst_i2c/lcd_delay_cnst_reg[31] )
INFO: [Synth 8-3886] merging instance 'Inst_i2c/Inst_i2c_master/data_tx_reg[3]' (FDE) to 'Inst_i2c/Inst_i2c_master/addr_rw_reg[1]'
INFO: [Synth 8-3886] merging instance 'Inst_i2c/Inst_i2c_master/data_tx_reg[1]' (FDE) to 'Inst_i2c/Inst_i2c_master/addr_rw_reg[0]'
INFO: [Synth 8-3886] merging instance 'Inst_i2c/Inst_i2c_master/addr_rw_reg[6]' (FDE) to 'Inst_i2c/Inst_i2c_master/addr_rw_reg[1]'
INFO: [Synth 8-3886] merging instance 'Inst_i2c/Inst_i2c_master/addr_rw_reg[7]' (FDE) to 'Inst_i2c/Inst_i2c_master/addr_rw_reg[0]'
INFO: [Synth 8-3886] merging instance 'Inst_i2c/Inst_i2c_master/addr_rw_reg[0]' (FDE) to 'Inst_i2c/Inst_i2c_master/addr_rw_reg[4]'
INFO: [Synth 8-3886] merging instance 'Inst_i2c/Inst_i2c_master/addr_rw_reg[1]' (FDE) to 'Inst_i2c/Inst_i2c_master/addr_rw_reg[2]'
INFO: [Synth 8-3886] merging instance 'Inst_i2c/Inst_i2c_master/addr_rw_reg[2]' (FDE) to 'Inst_i2c/Inst_i2c_master/addr_rw_reg[3]'
INFO: [Synth 8-3333] propagating constant 1 across sequential element (\Inst_i2c/Inst_i2c_master/addr_rw_reg[3] )
INFO: [Synth 8-3886] merging instance 'Inst_i2c/Inst_i2c_master/addr_rw_reg[4]' (FDE) to 'Inst_i2c/Inst_i2c_master/addr_rw_reg[5]'
INFO: [Synth 8-3333] propagating constant 0 across sequential element (\Inst_i2c/Inst_i2c_master/addr_rw_reg[5] )
INFO: [Synth 8-3886] merging instance 'ascii128_code_test_reg[1]' (FDCE) to 'ascii128_code_test_reg[3]'
INFO: [Synth 8-3886] merging instance 'ascii128_code_test_reg[4]' (FDCE) to 'ascii128_code_test_reg[3]'
INFO: [Synth 8-3886] merging instance 'ascii128_code_test_reg[0]' (FDCE) to 'ascii128_code_test_reg[3]'
INFO: [Synth 8-3886] merging instance 'ascii128_code_test_reg[6]' (FDCE) to 'ascii128_code_test_reg[3]'
INFO: [Synth 8-3886] merging instance 'ascii128_code_test_reg[2]' (FDCE) to 'ascii128_code_test_reg[3]'
INFO: [Synth 8-3333] propagating constant 0 across sequential element (\ascii128_code_test_reg[3] )
---------------------------------------------------------------------------------
Finished Cross Boundary and Area Optimization : Time (s): cpu = 00:00:40 ; elapsed = 00:00:41 . Memory (MB): peak = 1015.172 ; gain = 374.688
---------------------------------------------------------------------------------

Report RTL Partitions: 
+-+--------------+------------+----------+
| |RTL Partition |Replication |Instances |
+-+--------------+------------+----------+
+-+--------------+------------+----------+
---------------------------------------------------------------------------------
Start Applying XDC Timing Constraints
---------------------------------------------------------------------------------
---------------------------------------------------------------------------------
Finished Applying XDC Timing Constraints : Time (s): cpu = 00:00:55 ; elapsed = 00:00:57 . Memory (MB): peak = 1015.172 ; gain = 374.688
---------------------------------------------------------------------------------
---------------------------------------------------------------------------------
Start Timing Optimization
---------------------------------------------------------------------------------
---------------------------------------------------------------------------------
Finished Timing Optimization : Time (s): cpu = 00:01:00 ; elapsed = 00:01:02 . Memory (MB): peak = 1038.535 ; gain = 398.051
---------------------------------------------------------------------------------

Report RTL Partitions: 
+-+--------------+------------+----------+
| |RTL Partition |Replication |Instances |
+-+--------------+------------+----------+
+-+--------------+------------+----------+
---------------------------------------------------------------------------------
Start Technology Mapping
---------------------------------------------------------------------------------
WARNING: [Synth 8-3332] Sequential element (Inst_i2c/Inst_i2c_master/FSM_onehot_state_reg[7]) is unused and will be removed from module wrapper.
WARNING: [Synth 8-3332] Sequential element (Inst_i2c/Inst_i2c_master/FSM_onehot_state_reg[6]) is unused and will be removed from module wrapper.
---------------------------------------------------------------------------------
Finished Technology Mapping : Time (s): cpu = 00:01:01 ; elapsed = 00:01:02 . Memory (MB): peak = 1039.594 ; gain = 399.109
---------------------------------------------------------------------------------

Report RTL Partitions: 
+-+--------------+------------+----------+
| |RTL Partition |Replication |Instances |
+-+--------------+------------+----------+
+-+--------------+------------+----------+
---------------------------------------------------------------------------------
Start IO Insertion
---------------------------------------------------------------------------------
---------------------------------------------------------------------------------
Start Flattening Before IO Insertion
---------------------------------------------------------------------------------
---------------------------------------------------------------------------------
Finished Flattening Before IO Insertion
---------------------------------------------------------------------------------
---------------------------------------------------------------------------------
Start Final Netlist Cleanup
---------------------------------------------------------------------------------
---------------------------------------------------------------------------------
Finished Final Netlist Cleanup
---------------------------------------------------------------------------------
---------------------------------------------------------------------------------
Finished IO Insertion : Time (s): cpu = 00:01:05 ; elapsed = 00:01:07 . Memory (MB): peak = 1039.594 ; gain = 399.109
---------------------------------------------------------------------------------

Report Check Netlist: 
+------+------------------+-------+---------+-------+------------------+
|      |Item              |Errors |Warnings |Status |Description       |
+------+------------------+-------+---------+-------+------------------+
|1     |multi_driven_nets |      0|        0|Passed |Multi driven nets |
+------+------------------+-------+---------+-------+------------------+
---------------------------------------------------------------------------------
Start Renaming Generated Instances
---------------------------------------------------------------------------------
---------------------------------------------------------------------------------
Finished Renaming Generated Instances : Time (s): cpu = 00:01:05 ; elapsed = 00:01:07 . Memory (MB): peak = 1039.594 ; gain = 399.109
---------------------------------------------------------------------------------

Report RTL Partitions: 
+-+--------------+------------+----------+
| |RTL Partition |Replication |Instances |
+-+--------------+------------+----------+
+-+--------------+------------+----------+
---------------------------------------------------------------------------------
Start Rebuilding User Hierarchy
---------------------------------------------------------------------------------
---------------------------------------------------------------------------------
Finished Rebuilding User Hierarchy : Time (s): cpu = 00:01:05 ; elapsed = 00:01:07 . Memory (MB): peak = 1039.594 ; gain = 399.109
---------------------------------------------------------------------------------
---------------------------------------------------------------------------------
Start Renaming Generated Ports
---------------------------------------------------------------------------------
---------------------------------------------------------------------------------
Finished Renaming Generated Ports : Time (s): cpu = 00:01:05 ; elapsed = 00:01:07 . Memory (MB): peak = 1039.594 ; gain = 399.109
---------------------------------------------------------------------------------
---------------------------------------------------------------------------------
Start Handling Custom Attributes
---------------------------------------------------------------------------------
---------------------------------------------------------------------------------
Finished Handling Custom Attributes : Time (s): cpu = 00:01:05 ; elapsed = 00:01:07 . Memory (MB): peak = 1039.594 ; gain = 399.109
---------------------------------------------------------------------------------
---------------------------------------------------------------------------------
Start Renaming Generated Nets
---------------------------------------------------------------------------------
---------------------------------------------------------------------------------
Finished Renaming Generated Nets : Time (s): cpu = 00:01:05 ; elapsed = 00:01:07 . Memory (MB): peak = 1039.594 ; gain = 399.109
---------------------------------------------------------------------------------
---------------------------------------------------------------------------------
Start Writing Synthesis Report
---------------------------------------------------------------------------------

Report BlackBoxes: 
+-+--------------+----------+
| |BlackBox name |Instances |
+-+--------------+----------+
+-+--------------+----------+

Report Cell Usage: 
+------+-------+------+
|      |Cell   |Count |
+------+-------+------+
|1     |BUFG   |     1|
|2     |CARRY4 |    19|
|3     |LUT1   |    15|
|4     |LUT2   |    96|
|5     |LUT3   |    92|
|6     |LUT4   |    81|
|7     |LUT5   |    59|
|8     |LUT6   |   195|
|9     |MUXF7  |    16|
|10    |MUXF8  |     2|
|11    |FDCE   |   115|
|12    |FDPE   |    26|
|13    |FDRE   |   154|
|14    |IBUF   |     5|
|15    |IOBUF  |     1|
|16    |OBUFT  |     1|
+------+-------+------+

Report Instance Areas: 
+------+------------------------+----------------------+------+
|      |Instance                |Module                |Cells |
+------+------------------------+----------------------+------+
|1     |top                     |                      |   878|
|2     |  Inst_i2c              |i2c_user_lcd          |   376|
|3     |    Inst_i2c_master     |i2c_master            |   223|
|4     |  Inst_keyboard         |ps2_keyboard_to_ascii |   365|
|5     |    ps2_keyboard_0      |ps2_keyboard          |   215|
|6     |      debounce_ps2_clk  |debounce              |    26|
|7     |      debounce_ps2_data |debounce_0            |    25|
+------+------------------------+----------------------+------+
---------------------------------------------------------------------------------
Finished Writing Synthesis Report : Time (s): cpu = 00:01:05 ; elapsed = 00:01:07 . Memory (MB): peak = 1039.594 ; gain = 399.109
---------------------------------------------------------------------------------
Synthesis finished with 0 errors, 0 critical warnings and 16 warnings.
Synthesis Optimization Runtime : Time (s): cpu = 00:00:50 ; elapsed = 00:01:02 . Memory (MB): peak = 1039.594 ; gain = 266.133
Synthesis Optimization Complete : Time (s): cpu = 00:01:06 ; elapsed = 00:01:07 . Memory (MB): peak = 1039.594 ; gain = 399.109
INFO: [Project 1-571] Translating synthesized netlist
INFO: [Netlist 29-17] Analyzing 38 Unisim elements for replacement
INFO: [Netlist 29-28] Unisim Transformation completed in 0 CPU seconds
INFO: [Project 1-570] Preparing netlist for logic optimization
INFO: [Opt 31-138] Pushed 0 inverter(s) to 0 load pin(s).
Netlist sorting complete. Time (s): cpu = 00:00:00 ; elapsed = 00:00:00.001 . Memory (MB): peak = 1039.594 ; gain = 0.000
INFO: [Project 1-111] Unisim Transformation Summary:
  A total of 1 instances were transformed.
  IOBUF => IOBUF (IBUF, OBUFT): 1 instances

INFO: [Common 17-83] Releasing license: Synthesis
74 Infos, 36 Warnings, 0 Critical Warnings and 0 Errors encountered.
synth_design completed successfully
synth_design: Time (s): cpu = 00:01:16 ; elapsed = 00:01:33 . Memory (MB): peak = 1039.594 ; gain = 661.395
Netlist sorting complete. Time (s): cpu = 00:00:00 ; elapsed = 00:00:00.001 . Memory (MB): peak = 1039.594 ; gain = 0.000
WARNING: [Constraints 18-5210] No constraints selected for write.
Resolution: This message can indicate that there are no constraints for the design, or it can indicate that the used_in flags are set such that the constraints are ignored. This later case is used when running synth_design to not write synthesis constraints to the resulting checkpoint. Instead, project constraints are read when the synthesized design is opened.
INFO: [Common 17-1381] The checkpoint 'C:/Users/sixpe/Documents/EE316P4/Keyboard/Keyboard2/Keyboard2.runs/synth_1/wrapper.dcp' has been generated.
INFO: [runtcl-4] Executing : report_utilization -file wrapper_utilization_synth.rpt -pb wrapper_utilization_synth.pb
INFO: [Common 17-206] Exiting Vivado at Fri Mar 11 02:31:57 2022...
