Copyright 1986-2019 Xilinx, Inc. All Rights Reserved.
--------------------------------------------------------------------------------------
| Tool Version : Vivado v.2019.1.3 (win64) Build 2644227 Wed Sep  4 09:45:24 MDT 2019
| Date         : Mon Mar 21 18:45:41 2022
| Host         : DESKTOP-0NNGBEI running 64-bit major release  (build 9200)
| Command      : report_control_sets -verbose -file wrapper_control_sets_placed.rpt
| Design       : wrapper
| Device       : xc7z010
--------------------------------------------------------------------------------------

Control Set Information

Table of Contents
-----------------
1. Summary
2. Histogram
3. Flip-Flop Distribution
4. Detailed Control Set Information

1. Summary
----------

+----------------------------------------------------------+-------+
|                          Status                          | Count |
+----------------------------------------------------------+-------+
| Total control sets                                       |    38 |
|    Minimum number of control sets                        |    38 |
|    Addition due to synthesis replication                 |     0 |
|    Addition due to physical synthesis replication        |     0 |
| Unused register locations in slices containing registers |    67 |
+----------------------------------------------------------+-------+
* Control sets can be merged at opt_design using control_set_merge or merge_equivalent_drivers
** Run report_qor_suggestions for automated merging and remapping suggestions


2. Histogram
------------

+--------------------+-------+
|       Fanout       | Count |
+--------------------+-------+
| Total control sets |    38 |
| >= 0 to < 4        |     0 |
| >= 4 to < 6        |     5 |
| >= 6 to < 8        |     5 |
| >= 8 to < 10       |    21 |
| >= 10 to < 12      |     3 |
| >= 12 to < 14      |     1 |
| >= 14 to < 16      |     0 |
| >= 16              |     3 |
+--------------------+-------+
* Control sets can be remapped at either synth_design or opt_design


3. Flip-Flop Distribution
-------------------------

+--------------+-----------------------+------------------------+-----------------+--------------+
| Clock Enable | Synchronous Set/Reset | Asynchronous Set/Reset | Total Registers | Total Slices |
+--------------+-----------------------+------------------------+-----------------+--------------+
| No           | No                    | No                     |              38 |           18 |
| No           | No                    | Yes                    |              43 |           20 |
| No           | Yes                   | No                     |              10 |            5 |
| Yes          | No                    | No                     |              59 |           18 |
| Yes          | No                    | Yes                    |              27 |            7 |
| Yes          | Yes                   | No                     |             204 |           69 |
+--------------+-----------------------+------------------------+-----------------+--------------+


4. Detailed Control Set Information
-----------------------------------

+----------------------------------------------------+--------------------------------------------------------------------------+------------------------------------------------------------+------------------+----------------+
|                    Clock Signal                    |                               Enable Signal                              |                      Set/Reset Signal                      | Slice Load Count | Bel Load Count |
+----------------------------------------------------+--------------------------------------------------------------------------+------------------------------------------------------------+------------------+----------------+
|  clk_IBUF_BUFG                                     | Inst_Uart/Inst_uart_master/os_count0                                     | btn_IBUF[0]                                                |                1 |              4 |
|  clk_IBUF_BUFG                                     | Inst_Uart/Inst_uart_master/tx_count[3]_i_1_n_0                           | btn_IBUF[0]                                                |                1 |              4 |
|  clk_IBUF_BUFG                                     | Inst_Uart/Inst_uart_master/rx_count0                                     | btn_IBUF[0]                                                |                1 |              4 |
|  clk_IBUF_BUFG                                     | Inst_Uart/rx_new                                                         | Inst_Uart/SR[0]                                            |                1 |              5 |
|  clk_IBUF_BUFG                                     | Inst_top_level/Inst_i2c_master/btn[0]                                    |                                                            |                2 |              5 |
|  clk_IBUF_BUFG                                     | Inst_top_level/Inst_i2c_master/addr_rw0                                  |                                                            |                2 |              6 |
|  clk_IBUF_BUFG                                     | Inst_top_level/byteSel[5]_i_1_n_0                                        | btn_IBUF[0]                                                |                2 |              6 |
|  clk_IBUF_BUFG                                     | Inst_keyboard/ps2_keyboard_0/E[0]                                        |                                                            |                2 |              7 |
|  clk_IBUF_BUFG                                     | Inst_keyboard/ascii_code[6]_i_1_n_0                                      |                                                            |                2 |              7 |
|  clk_IBUF_BUFG                                     | Inst_top_level/Inst_i2c_master/busy1                                     | btn_IBUF[0]                                                |                3 |              7 |
|  clk_IBUF_BUFG                                     | Inst_Uart/Inst_uart_master/rx_data0                                      | btn_IBUF[0]                                                |                1 |              8 |
|  clk_IBUF_BUFG                                     | Inst_Uart/bytesel_reg[0]_3[0]                                            | btn_IBUF[0]                                                |                3 |              8 |
|  clk_IBUF_BUFG                                     | Inst_Uart/bytesel_reg[0]_7[0]                                            | btn_IBUF[0]                                                |                2 |              8 |
|  clk_IBUF_BUFG                                     | Inst_Uart/bytesel_reg[0]_8[0]                                            | btn_IBUF[0]                                                |                2 |              8 |
|  clk_IBUF_BUFG                                     | Inst_keyboard/ps2_keyboard_0/ps2_code_new0                               |                                                            |                3 |              8 |
|  clk_IBUF_BUFG                                     | Inst_Uart/bytesel_reg[0][0]                                              | btn_IBUF[0]                                                |                5 |              8 |
|  clk_IBUF_BUFG                                     | Inst_Uart/E[0]                                                           | btn_IBUF[0]                                                |                3 |              8 |
|  clk_IBUF_BUFG                                     | Inst_Uart/bytesel_reg[0]_1[0]                                            | btn_IBUF[0]                                                |                4 |              8 |
|  clk_IBUF_BUFG                                     | Inst_Uart/bytesel_reg[0]_5[0]                                            | btn_IBUF[0]                                                |                2 |              8 |
|  clk_IBUF_BUFG                                     | Inst_Uart/bytesel_reg[4]_0[0]                                            | btn_IBUF[0]                                                |                4 |              8 |
|  clk_IBUF_BUFG                                     | Inst_Uart/Inst_uart_master/rx_buffer0                                    |                                                            |                2 |              8 |
|  clk_IBUF_BUFG                                     | Inst_Uart/bytesel_reg[0]_6[0]                                            | btn_IBUF[0]                                                |                5 |              8 |
|  clk_IBUF_BUFG                                     | Inst_Uart/bytesel_reg[0]_0[0]                                            | btn_IBUF[0]                                                |                4 |              8 |
|  clk_IBUF_BUFG                                     | Inst_Uart/bytesel_reg[4][0]                                              | btn_IBUF[0]                                                |                4 |              8 |
|  clk_IBUF_BUFG                                     | Inst_Uart/bytesel_reg[4]_1[0]                                            | btn_IBUF[0]                                                |                3 |              8 |
|  clk_IBUF_BUFG                                     | Inst_Uart/bytesel_reg[0]_9[0]                                            | btn_IBUF[0]                                                |                3 |              8 |
|  clk_IBUF_BUFG                                     | Inst_Uart/bytesel_reg[0]_4[0]                                            | btn_IBUF[0]                                                |                2 |              8 |
|  clk_IBUF_BUFG                                     | Inst_Uart/bytesel_reg[0]_2[0]                                            | btn_IBUF[0]                                                |                3 |              8 |
|  clk_IBUF_BUFG                                     | Inst_Uart/bytesel_reg[0]_10[0]                                           | btn_IBUF[0]                                                |                3 |              8 |
|  clk_IBUF_BUFG                                     | Inst_top_level/lcd_delay_cnst                                            |                                                            |                3 |              9 |
|  clk_IBUF_BUFG                                     | Inst_Uart/Inst_uart_master/tx_buffer[9]_i_1_n_0                          |                                                            |                2 |              9 |
|  clk_IBUF_BUFG                                     | Inst_keyboard/ps2_keyboard_0/debounce_ps2_clk/sel                        | Inst_keyboard/ps2_keyboard_0/debounce_ps2_clk/counter_set  |                3 |             10 |
|  clk_IBUF_BUFG                                     | Inst_keyboard/ps2_keyboard_0/debounce_ps2_data/counter_out[9]_i_2__0_n_0 | Inst_keyboard/ps2_keyboard_0/debounce_ps2_data/counter_set |                2 |             10 |
| ~Inst_keyboard/ps2_keyboard_0/debounce_ps2_clk/CLK |                                                                          |                                                            |                3 |             11 |
|  clk_IBUF_BUFG                                     | Inst_keyboard/ps2_keyboard_0/count_idle[0]_i_2_n_0                       | Inst_keyboard/ps2_keyboard_0/debounce_ps2_clk/clear        |                4 |             13 |
|  clk_IBUF_BUFG                                     |                                                                          |                                                            |               15 |             27 |
|  clk_IBUF_BUFG                                     | Inst_top_level/lcd_delay[31]_i_1_n_0                                     | btn_IBUF[0]                                                |                5 |             32 |
|  clk_IBUF_BUFG                                     |                                                                          | btn_IBUF[0]                                                |               25 |             53 |
+----------------------------------------------------+--------------------------------------------------------------------------+------------------------------------------------------------+------------------+----------------+


